# JRE version: OpenJDK Runtime Environment (11.0.10) (build 11.0.10+0-b96-7249189)
# Java VM: OpenJDK 64-Bit Server VM (11.0.10+0-b96-7249189, mixed mode, tiered, compressed oops, g1 gc, windows-amd64)
Heap:
 garbage-first heap   total 262144K, used 190149K [0x00000000e0000000, 0x0000000100000000)
  region size 1024K, 7 young (7168K), 6 survivors (6144K)
 Metaspace       used 96386K, capacity 98980K, committed 101884K, reserved 342016K
  class space    used 12509K, capacity 13547K, committed 14720K, reserved 253952K
GC Heap History (20 events):
Event: 7.345 GC heap before
{Heap before GC invocations=16 (full 0):
 garbage-first heap   total 262144K, used 201728K [0x00000000e0000000, 0x0000000100000000)
  region size 1024K, 71 young (72704K), 12 survivors (12288K)
 Metaspace       used 92438K, capacity 95951K, committed 96252K, reserved 337920K
  class space    used 12388K, capacity 13856K, committed 13952K, reserved 253952K
}
Event: 7.360 GC heap after
{Heap after GC invocations=17 (full 0):
 garbage-first heap   total 262144K, used 158407K [0x00000000e0000000, 0x0000000100000000)
  region size 1024K, 9 young (9216K), 9 survivors (9216K)
 Metaspace       used 92438K, capacity 95951K, committed 96252K, reserved 337920K
  class space    used 12388K, capacity 13856K, committed 13952K, reserved 253952K
}
Event: 7.429 GC heap before
{Heap before GC invocations=17 (full 0):
 garbage-first heap   total 262144K, used 206535K [0x00000000e0000000, 0x0000000100000000)
  region size 1024K, 57 young (58368K), 9 survivors (9216K)
 Metaspace       used 94438K, capacity 98025K, committed 98172K, reserved 337920K
  class space    used 12722K, capacity 14213K, committed 14336K, reserved 253952K
}
Event: 7.437 GC heap after
{Heap after GC invocations=18 (full 0):
 garbage-first heap   total 262144K, used 169796K [0x00000000e0000000, 0x0000000100000000)
  region size 1024K, 8 young (8192K), 8 survivors (8192K)
 Metaspace       used 94438K, capacity 98025K, committed 98172K, reserved 337920K
  class space    used 12722K, capacity 14213K, committed 14336K, reserved 253952K
}
Event: 7.509 GC heap before
{Heap before GC invocations=19 (full 0):
 garbage-first heap   total 262144K, used 211780K [0x00000000e0000000, 0x0000000100000000)
  region size 1024K, 49 young (50176K), 8 survivors (8192K)
 Metaspace       used 94031K, capacity 96847K, committed 99324K, reserved 339968K
  class space    used 12444K, capacity 13632K, committed 14464K, reserved 253952K
}
Event: 7.515 GC heap after
{Heap after GC invocations=20 (full 0):
 garbage-first heap   total 262144K, used 176152K [0x00000000e0000000, 0x0000000100000000)
  region size 1024K, 6 young (6144K), 6 survivors (6144K)
 Metaspace       used 94031K, capacity 96847K, committed 99324K, reserved 339968K
  class space    used 12444K, capacity 13632K, committed 14464K, reserved 253952K
}
Event: 7.549 GC heap before
{Heap before GC invocations=20 (full 0):
 garbage-first heap   total 262144K, used 215064K [0x00000000e0000000, 0x0000000100000000)
  region size 1024K, 44 young (45056K), 6 survivors (6144K)
 Metaspace       used 94295K, capacity 97091K, committed 99708K, reserved 339968K
  class space    used 12481K, capacity 13669K, committed 14592K, reserved 253952K
}
Event: 7.553 GC heap after
{Heap after GC invocations=21 (full 0):
 garbage-first heap   total 262144K, used 179424K [0x00000000e0000000, 0x0000000100000000)
  region size 1024K, 4 young (4096K), 4 survivors (4096K)
 Metaspace       used 94295K, capacity 97091K, committed 99708K, reserved 339968K
  class space    used 12481K, capacity 13669K, committed 14592K, reserved 253952K
}
Event: 7.595 GC heap before
{Heap before GC invocations=21 (full 0):
 garbage-first heap   total 262144K, used 217312K [0x00000000e0000000, 0x0000000100000000)
  region size 1024K, 42 young (43008K), 4 survivors (4096K)
 Metaspace       used 94576K, capacity 97362K, committed 99708K, reserved 339968K
  class space    used 12524K, capacity 13718K, committed 14592K, reserved 253952K
}
Event: 7.598 GC heap after
{Heap after GC invocations=22 (full 0):
 garbage-first heap   total 262144K, used 180514K [0x00000000e0000000, 0x0000000100000000)
  region size 1024K, 5 young (5120K), 5 survivors (5120K)
 Metaspace       used 94576K, capacity 97362K, committed 99708K, reserved 339968K
  class space    used 12524K, capacity 13718K, committed 14592K, reserved 253952K
}
Event: 7.632 GC heap before
{Heap before GC invocations=22 (full 0):
 garbage-first heap   total 262144K, used 219426K [0x00000000e0000000, 0x0000000100000000)
  region size 1024K, 44 young (45056K), 5 survivors (5120K)
 Metaspace       used 95060K, capacity 97863K, committed 100220K, reserved 339968K
  class space    used 12592K, capacity 13800K, committed 14592K, reserved 253952K
}
Event: 7.635 GC heap after
{Heap after GC invocations=23 (full 0):
 garbage-first heap   total 262144K, used 183035K [0x00000000e0000000, 0x0000000100000000)
  region size 1024K, 5 young (5120K), 5 survivors (5120K)
 Metaspace       used 95060K, capacity 97863K, committed 100220K, reserved 339968K
  class space    used 12592K, capacity 13800K, committed 14592K, reserved 253952K
}
Event: 7.685 GC heap before
{Heap before GC invocations=23 (full 0):
 garbage-first heap   total 262144K, used 220923K [0x00000000e0000000, 0x0000000100000000)
  region size 1024K, 43 young (44032K), 5 survivors (5120K)
 Metaspace       used 94819K, capacity 97398K, committed 100604K, reserved 339968K
  class space    used 12404K, capacity 13417K, committed 14720K, reserved 253952K
}
Event: 7.688 GC heap after
{Heap after GC invocations=24 (full 0):
 garbage-first heap   total 262144K, used 184092K [0x00000000e0000000, 0x0000000100000000)
  region size 1024K, 5 young (5120K), 5 survivors (5120K)
 Metaspace       used 94819K, capacity 97398K, committed 100604K, reserved 339968K
  class space    used 12404K, capacity 13417K, committed 14720K, reserved 253952K
}
Event: 7.732 GC heap before
{Heap before GC invocations=25 (full 0):
 garbage-first heap   total 262144K, used 221980K [0x00000000e0000000, 0x0000000100000000)
  region size 1024K, 43 young (44032K), 5 survivors (5120K)
 Metaspace       used 96089K, capacity 98684K, committed 101628K, reserved 342016K
  class space    used 12484K, capacity 13535K, committed 14720K, reserved 253952K
}
Event: 7.736 GC heap after
{Heap after GC invocations=26 (full 0):
 garbage-first heap   total 262144K, used 186888K [0x00000000e0000000, 0x0000000100000000)
  region size 1024K, 5 young (5120K), 5 survivors (5120K)
 Metaspace       used 96089K, capacity 98684K, committed 101628K, reserved 342016K
  class space    used 12484K, capacity 13535K, committed 14720K, reserved 253952K
}
Event: 7.743 GC heap before
{Heap before GC invocations=26 (full 0):
 garbage-first heap   total 262144K, used 194056K [0x00000000e0000000, 0x0000000100000000)
  region size 1024K, 12 young (12288K), 5 survivors (5120K)
 Metaspace       used 96122K, capacity 98761K, committed 101628K, reserved 342016K
  class space    used 12487K, capacity 13539K, committed 14720K, reserved 253952K
}
Event: 7.746 GC heap after
{Heap after GC invocations=27 (full 0):
 garbage-first heap   total 262144K, used 181514K [0x00000000e0000000, 0x0000000100000000)
  region size 1024K, 2 young (2048K), 2 survivors (2048K)
 Metaspace       used 96122K, capacity 98761K, committed 101628K, reserved 342016K
  class space    used 12487K, capacity 13539K, committed 14720K, reserved 253952K
}
Event: 7.775 GC heap before
{Heap before GC invocations=27 (full 0):
 garbage-first heap   total 262144K, used 222474K [0x00000000e0000000, 0x0000000100000000)
  region size 1024K, 42 young (43008K), 2 survivors (2048K)
 Metaspace       used 96220K, capacity 98848K, committed 101884K, reserved 342016K
  class space    used 12500K, capacity 13547K, committed 14720K, reserved 253952K
}
Event: 7.778 GC heap after
{Heap after GC invocations=28 (full 0):
 garbage-first heap   total 262144K, used 183362K [0x00000000e0000000, 0x0000000100000000)
  region size 1024K, 3 young (3072K), 3 survivors (3072K)
 Metaspace       used 96220K, capacity 98848K, committed 101884K, reserved 342016K
  class space    used 12500K, capacity 13547K, committed 14720K, reserved 253952K
}

